<?xml version="1.0" encoding="UTF-8"?>
<testsuite xmlns:xsi="http://www.w3.org/2001/XMLSchema-instance" xsi:noNamespaceSchemaLocation="https://maven.apache.org/surefire/maven-surefire-plugin/xsd/surefire-test-report.xsd" version="3.0.2" name="com.FeedEmGreens.HealthyAura.HealthyAuraApplicationTests" time="7.238" tests="1" errors="0" skipped="0" failures="0">
  <properties>
[...]
</properties>
  <testcase name="contextLoads" classname="com.FeedEmGreens.HealthyAura.HealthyAuraApplicationTests" time="0.323">
    <system-out><![CDATA[21:37:29.878 [main] INFO org.springframework.test.context.support.AnnotationConfigContextLoaderUtils -- Could not detect default configuration classes for test class [com.FeedEmGreens.HealthyAura.HealthyAuraApplicationTests]: HealthyAuraApplicationTests does not declare any static, non-private, non-final, nested classes annotated with @Configuration.
21:37:30.016 [main] INFO org.springframework.boot.test.context.SpringBootTestContextBootstrapper -- Found @SpringBootConfiguration com.FeedEmGreens.HealthyAura.HealthyAuraApplication for test class com.FeedEmGreens.HealthyAura.HealthyAuraApplicationTests

  .   ____          _            __ _ _
 /\\ / ___'_ __ _ _(_)_ __  __ _ \ \ \ \
( ( )\___ | '_ | '_| | '_ \/ _` | \ \ \ \
 \\/  ___)| |_)| | | | | || (_| |  ) ) ) )
  '  |____| .__|_| |_|_| |_\__, | / / / /
 =========|_|==============|___/=/_/_/_/

 :: Spring Boot ::                (v3.5.6)

2025-10-15T21:37:30.488+08:00  WARN 12368 --- [HealthyAura] [           main] ory$DuplicateJsonObjectContextCustomizer : 

Found multiple occurrences of org.json.JSONObject on the class path:

	jar:file:/C:/Users/Reju/.m2/repository/com/vaadin/external/google/android-json/0.0.20131108.vaadin1/android-json-0.0.20131108.vaadin1.jar!/org/json/JSONObject.class
	jar:file:/C:/Users/Reju/.m2/repository/org/json/json/20250517/json-20250517.jar!/org/json/JSONObject.class

You may wish to exclude one of them to ensure predictable runtime behavior

2025-10-15T21:37:30.514+08:00  INFO 12368 --- [HealthyAura] [           main] c.F.H.HealthyAuraApplicationTests        : Starting HealthyAuraApplicationTests using Java 24.0.1 with PID 12368 (started by Reju in C:\# Reju\Uni\Year 2\SC2006 - SWE\Code\HealthyAura App ( git )\Lab3\HealthyAuraV2\HealthyAura)
2025-10-15T21:37:30.515+08:00  INFO 12368 --- [HealthyAura] [           main] c.F.H.HealthyAuraApplicationTests        : No active profile set, falling back to 1 default profile: "default"
2025-10-15T21:37:31.322+08:00  INFO 12368 --- [HealthyAura] [           main] .s.d.r.c.RepositoryConfigurationDelegate : Bootstrapping Spring Data JPA repositories in DEFAULT mode.
2025-10-15T21:37:31.410+08:00  INFO 12368 --- [HealthyAura] [           main] .s.d.r.c.RepositoryConfigurationDelegate : Finished Spring Data repository scanning in 74 ms. Found 4 JPA repository interfaces.
2025-10-15T21:37:32.112+08:00  INFO 12368 --- [HealthyAura] [           main] o.hibernate.jpa.internal.util.LogHelper  : HHH000204: Processing PersistenceUnitInfo [name: default]
2025-10-15T21:37:32.192+08:00  INFO 12368 --- [HealthyAura] [           main] org.hibernate.Version                    : HHH000412: Hibernate ORM core version 6.6.29.Final
2025-10-15T21:37:32.240+08:00  INFO 12368 --- [HealthyAura] [           main] o.h.c.internal.RegionFactoryInitiator    : HHH000026: Second-level cache disabled
2025-10-15T21:37:32.705+08:00  INFO 12368 --- [HealthyAura] [           main] o.s.o.j.p.SpringPersistenceUnitInfo      : No LoadTimeWeaver setup: ignoring JPA class transformer
2025-10-15T21:37:32.758+08:00  INFO 12368 --- [HealthyAura] [           main] com.zaxxer.hikari.HikariDataSource       : HikariPool-1 - Starting...
2025-10-15T21:37:32.944+08:00  INFO 12368 --- [HealthyAura] [           main] com.zaxxer.hikari.pool.HikariPool        : HikariPool-1 - Added connection conn0: url=jdbc:h2:mem:healthyauradb user=SA
2025-10-15T21:37:32.946+08:00  INFO 12368 --- [HealthyAura] [           main] com.zaxxer.hikari.HikariDataSource       : HikariPool-1 - Start completed.
2025-10-15T21:37:32.972+08:00  WARN 12368 --- [HealthyAura] [           main] org.hibernate.orm.deprecation            : HHH90000025: H2Dialect does not need to be specified explicitly using 'hibernate.dialect' (remove the property setting and it will be selected by default)
2025-10-15T21:37:32.993+08:00  INFO 12368 --- [HealthyAura] [           main] org.hibernate.orm.connections.pooling    : HHH10001005: Database info:
	Database JDBC URL [Connecting through datasource 'HikariDataSource (HikariPool-1)']
	Database driver: undefined/unknown
	Database version: 2.3.232
	Autocommit mode: undefined/unknown
	Isolation level: undefined/unknown
	Minimum pool size: undefined/unknown
	Maximum pool size: undefined/unknown
2025-10-15T21:37:33.922+08:00  INFO 12368 --- [HealthyAura] [           main] o.h.e.t.j.p.i.JtaPlatformInitiator       : HHH000489: No JTA platform available (set 'hibernate.transaction.jta.platform' to enable JTA platform integration)
Hibernate: create table dietary_tags (id bigint generated by default as identity, tag varchar(100) not null, eatery_id bigint, primary key (id))
Hibernate: create table healthier_eateries (id bigint generated by default as identity, address varchar(255), building_name varchar(255), description TEXT, latitude float(53), longitude float(53), name varchar(255), postal_code bigint, primary key (id))
Hibernate: create table points (id bigint generated by default as identity, last_updated timestamp(6), redeemed_points integer not null, total_points integer not null, user_id bigint, primary key (id))
Hibernate: create table reward (id bigint generated by default as identity, active boolean not null, description varchar(255), name varchar(255), points_required integer not null, primary key (id))
Hibernate: create table users (id bigint generated by default as identity, email varchar(255) not null, password varchar(255) not null, preferences varchar(512), role varchar(255) not null, username varchar(255) not null, primary key (id))
Hibernate: alter table if exists points drop constraint if exists UKswg8y3uo5dm5psbnesgeu1my
Hibernate: alter table if exists points add constraint UKswg8y3uo5dm5psbnesgeu1my unique (user_id)
Hibernate: alter table if exists users drop constraint if exists UK6dotkott2kjsp8vw4d0m25fb7
Hibernate: alter table if exists users add constraint UK6dotkott2kjsp8vw4d0m25fb7 unique (email)
Hibernate: alter table if exists users drop constraint if exists UKr43af9ap4edm43mmtq01oddj6
Hibernate: alter table if exists users add constraint UKr43af9ap4edm43mmtq01oddj6 unique (username)
Hibernate: alter table if exists dietary_tags add constraint FKjwdexm3mwajq0ybeq9ara6b1i foreign key (eatery_id) references healthier_eateries
Hibernate: alter table if exists points add constraint FKr49p6spgfhomh11aksag7al0d foreign key (user_id) references users
2025-10-15T21:37:34.025+08:00  INFO 12368 --- [HealthyAura] [           main] j.LocalContainerEntityManagerFactoryBean : Initialized JPA EntityManagerFactory for persistence unit 'default'
2025-10-15T21:37:34.612+08:00  INFO 12368 --- [HealthyAura] [           main] o.s.d.j.r.query.QueryEnhancerFactory     : Hibernate is in classpath; If applicable, HQL parser will be used.
2025-10-15T21:37:35.427+08:00  WARN 12368 --- [HealthyAura] [           main] JpaBaseConfiguration$JpaWebConfiguration : spring.jpa.open-in-view is enabled by default. Therefore, database queries may be performed during view rendering. Explicitly configure spring.jpa.open-in-view to disable this warning
2025-10-15T21:37:35.466+08:00 DEBUG 12368 --- [HealthyAura] [           main] swordEncoderAuthenticationManagerBuilder : No authenticationProviders and no parentAuthenticationManager defined. Returning null.
2025-10-15T21:37:35.829+08:00 DEBUG 12368 --- [HealthyAura] [           main] o.s.s.web.DefaultSecurityFilterChain     : Will secure any request with filters: DisableEncodeUrlFilter, WebAsyncManagerIntegrationFilter, SecurityContextHolderFilter, HeaderWriterFilter, LogoutFilter, JwtAuthenticationFilter, RequestCacheAwareFilter, SecurityContextHolderAwareRequestFilter, AnonymousAuthenticationFilter, SessionManagementFilter, ExceptionTranslationFilter, AuthorizationFilter
2025-10-15T21:37:36.127+08:00  INFO 12368 --- [HealthyAura] [           main] o.s.b.a.h2.H2ConsoleAutoConfiguration    : H2 console available at '/h2-console'. Database available at 'jdbc:h2:mem:healthyauradb'
2025-10-15T21:37:36.279+08:00  INFO 12368 --- [HealthyAura] [           main] c.F.H.HealthyAuraApplicationTests        : Started HealthyAuraApplicationTests in 6.099 seconds (process running for 7.182)
Hibernate: select u1_0.id,u1_0.email,u1_0.password,u1_0.preferences,u1_0.role,u1_0.username from users u1_0 where u1_0.username=?
Hibernate: insert into users (email,password,preferences,role,username,id) values (?,?,?,?,?,default)
Hibernate: insert into points (last_updated,redeemed_points,total_points,user_id,id) values (?,?,?,?,default)
 Created default user: rajath (password: 123, 500 starting points)
Hibernate: select count(*) from reward r1_0
Hibernate: insert into reward (active,description,name,points_required,id) values (?,?,?,?,default)
Hibernate: insert into reward (active,description,name,points_required,id) values (?,?,?,?,default)
Hibernate: insert into reward (active,description,name,points_required,id) values (?,?,?,?,default)
Hibernate: insert into reward (active,description,name,points_required,id) values (?,?,?,?,default)
Hibernate: insert into reward (active,description,name,points_required,id) values (?,?,?,?,default)
 Dummy rewards loaded into database.
]]></system-out>
    <system-err><![CDATA[Mockito is currently self-attaching to enable the inline-mock-maker. This will no longer work in future releases of the JDK. Please add Mockito as an agent to your build as described in Mockito's documentation: https://javadoc.io/doc/org.mockito/mockito-core/latest/org.mockito/org/mockito/Mockito.html#0.3
WARNING: A Java agent has been loaded dynamically (C:\Users\Reju\.m2\repository\net\bytebuddy\byte-buddy-agent\1.17.7\byte-buddy-agent-1.17.7.jar)
WARNING: If a serviceability tool is in use, please run with -XX:+EnableDynamicAgentLoading to hide this warning
WARNING: If a serviceability tool is not in use, please run with -Djdk.instrument.traceUsage for more information
WARNING: Dynamic loading of agents will be disallowed by default in a future release
]]></system-err>
  </testcase>
</testsuite>